;;; 
Import: Release 12.1.0.2.0 - Production on Wed Aug 28 10:31:23 2019

Copyright (c) 1982, 2014, Oracle and/or its affiliates.  All rights reserved.
;;; 
Connected to: Oracle Database 12c Enterprise Edition Release 12.1.0.2.0 - 64bit Production
With the Partitioning, OLAP, Advanced Analytics and Real Application Testing options
Master table "AVUSER"."AVDB_IMPORT_AVUSER" successfully loaded/unloaded
Starting "AVUSER"."AVDB_IMPORT_AVUSER":  avuser/********@AVDB parfile="/home/oracle/database/DBA/AVDB/export/Import_AVDB_avuser.par" 
Processing object type SCHEMA_EXPORT/PRE_SCHEMA/PROCACT_SCHEMA
Processing object type SCHEMA_EXPORT/SYNONYM/SYNONYM
Processing object type SCHEMA_EXPORT/TYPE/TYPE_SPEC
Processing object type SCHEMA_EXPORT/SEQUENCE/SEQUENCE
Processing object type SCHEMA_EXPORT/TABLE/TABLE
Processing object type SCHEMA_EXPORT/TABLE/TABLE_DATA
. . imported "AVUSER"."T_AV_APPLICATION_LOG"             267.0 MB  388646 rows
. . imported "AVUSER"."WP_USER_DATA"                     3.109 GB 16163650 rows
. . imported "AVUSER"."WP_EVENT_MONITOR"                 8.593 KB       0 rows
. . imported "AVUSER"."T_AV_AFX_LOG_MESSAGE"             6.642 MB   13843 rows
. . imported "AVUSER"."WP_PROCI_NODE"                    1.300 GB 4602881 rows
. . imported "AVUSER"."T_AV_EXPLODEDUSERENTITLEMENTS"    1.233 GB 6947019 rows
. . imported "AVUSER"."T_EMAIL_LOG"                      580.1 MB  302426 rows
. . imported "AVUSER"."WP_TRANI"                         623.5 MB 5174871 rows
. . imported "AVUSER"."WP_JOB_MONITOR"                   684.3 KB    1352 rows
. . imported "AVUSER"."WP_ACTI"                          430.8 MB 3982938 rows
. . imported "AVUSER"."WP_ACTI_SCRIPT"                   2.940 MB   35312 rows
. . imported "AVUSER"."T_AV_AFX_FILE"                    84.15 MB     211 rows
. . imported "AVUSER"."T_AV_JOB_STATS"                   85.49 MB  519923 rows
. . imported "AVUSER"."T_AV_CHANGE_REQUEST_DETAILS"      176.2 MB  957794 rows
. . imported "AVUSER"."T_WORKFLOW_EVENTS"                59.43 MB   78329 rows
. . imported "AVUSER"."T_AV_AFX_REQUEST"                 149.7 MB  140680 rows
. . imported "AVUSER"."WP_BULK_DATA"                     107.9 MB     527 rows
. . imported "AVUSER"."T_AV_WORK_ITEM_METRICS"           107.7 MB  600002 rows
. . imported "AVUSER"."WP_WORK_ITEM"                     93.57 MB  600002 rows
. . imported "AVUSER"."WP_WORK_ITEM_HIST"                2.427 MB   36270 rows
. . imported "AVUSER"."T_AV_AUDIT_SNAPSHOT"              48.66 MB    6310 rows
. . imported "AVUSER"."T_AV_AFX_REQUEST_HISTORY"         46.27 MB  427749 rows
. . imported "AVUSER"."WP_PROCI"                         51.39 MB  168657 rows
. . imported "AVUSER"."WP_PROCI_SCRIPT"                  44.00 MB  645658 rows
. . imported "AVUSER"."T_AV_HEALTH_FILESYSTEM"           39.37 MB  628706 rows
. . imported "AVUSER"."T_AV_CHANGE_REQUESTS"             22.81 MB   14210 rows
. . imported "AVUSER"."T_AV_SYSTEM_REPORTS"              23.87 MB      13 rows
. . imported "AVUSER"."T_AV_DATAPROCEVENTWATCHES"        230.9 KB    7731 rows
. . imported "AVUSER"."T_AV_WFJOB_ITEMS"                 22.61 MB  856141 rows
. . imported "AVUSER"."T_AV_ATTACHMENTS"                 22.49 MB      23 rows
. . imported "AVUSER"."T_DC_SOURCEDATA_CHANGE_LOG"       17.94 MB  405534 rows
. . imported "AVUSER"."T_DC_SOURCEDATA_REJECT_LOG"       16.22 MB  337142 rows
. . imported "AVUSER"."T_DC_SOURCEDATA_GROUP_MEM"        9.127 MB  118053 rows
. . imported "AVUSER"."WP_ACTI_DATA"                     15.21 MB  174340 rows
. . imported "AVUSER"."T_SYSTEM_UI_SETTINGS"             535.6 KB      45 rows
. . imported "AVUSER"."T_AV_HEALTH_JVM"                  11.71 MB  145086 rows
. . imported "AVUSER"."WP_PROCI_DATA"                    12.38 MB  181846 rows
. . imported "AVUSER"."T_AV_WF_TRUSTED_TOKENS"           11.52 MB  132899 rows
. . imported "AVUSER"."T_DC_VERSIONS"                    6.475 MB     845 rows
. . imported "AVUSER"."T_AV_HEALTH_GC"                   10.67 MB  290172 rows
. . imported "AVUSER"."T_DC_SOURCEDATA_GROUP"            5.341 MB   46436 rows
. . imported "AVUSER"."T_DC_SOURCEDATA_ACCOUNT"          9.140 MB  161164 rows
. . imported "AVUSER"."T_AV_REPORTS"                     3.934 MB     151 rows
. . imported "AVUSER"."WP_PROCI_SPLIT"                   8.227 MB  140812 rows
. . imported "AVUSER"."T_SCHEDULED_TASK_RUNS"            5.863 MB  248857 rows
. . imported "AVUSER"."RESULT_ROWS_TABLE"                3.999 MB   62133 rows
. . imported "AVUSER"."T_AV_EVENT_INFO"                  358.7 KB    3644 rows
. . imported "AVUSER"."T_AV_SUMMARY_STATISTIC"           4.390 MB   25840 rows
. . imported "AVUSER"."T_DC_SOURCEDATA_ACCOUNT_MAP"      4.300 MB   76651 rows
. . imported "AVUSER"."T_DC_SOURCEDATA_USER"             4.202 MB   13963 rows
. . imported "AVUSER"."T_DATA_COLLECTORS"                886.3 KB     120 rows
. . imported "AVUSER"."T_AV_AFX_TRANSPORT"               438.8 KB      24 rows
. . imported "AVUSER"."T_AV_AFX_LOG_FILE"                25.50 KB     202 rows
. . imported "AVUSER"."T_AV_EVENT"                       257.2 KB    2951 rows
. . imported "AVUSER"."T_AV_ROLE_INCONSTRAINT"           3.269 MB  144060 rows
. . imported "AVUSER"."T_ENTERPRISE_USERS"               3.677 MB   10908 rows
. . imported "AVUSER"."T_MASTER_ENTERPRISE_USERS"        3.761 MB   10897 rows
. . imported "AVUSER"."T_RAW_USER"                       3.569 MB   10928 rows
. . imported "AVUSER"."T_AV_ROLES"                       1.670 MB    2190 rows
. . imported "AVUSER"."T_DATA_RUN_TASKS"                 2.543 MB   24292 rows
. . imported "AVUSER"."T_EXCEPTIONS"                     1.732 MB    2245 rows
. . imported "AVUSER"."T_AV_PROCI_PURGE"                 39.32 KB    1529 rows
. . imported "AVUSER"."T_AV_WFJOB_REJECT_ITEMS"          2.652 MB  101737 rows
. . imported "AVUSER"."T_DC_SOURCEDATA_USER_ENT"         2.881 MB   36224 rows
. . imported "AVUSER"."T_AV_REPORT_RESULTS"              1.957 MB      83 rows
. . imported "AVUSER"."T_AV_AFX_CONN_TYPE_CODE"          981.8 KB    1237 rows
. . imported "AVUSER"."WP_SCRIPT_MONITOR"                20.35 KB      57 rows
. . imported "AVUSER"."T_AV_ACCOUNTS"                    1.762 MB   17794 rows
. . imported "AVUSER"."T_AV_AFX_LOG_BATCH"               20.56 KB     142 rows
. . imported "AVUSER"."T_AV_CHANGE_REQUEST_METRICS"      1.957 MB   14210 rows
. . imported "AVUSER"."T_AV_WFMILESTONES"                1.824 MB   22447 rows
. . imported "AVUSER"."T_GROUPS"                         1.838 MB   12005 rows
. . imported "AVUSER"."T_AV_LOGFILE_SCRATCH"             5.484 KB       0 rows
. . imported "AVUSER"."T_AV_ROLEVER_RULE"                29.69 KB      12 rows
. . imported "AVUSER"."T_AV_WFERRORS"                    1.053 MB    5792 rows
. . imported "AVUSER"."T_AV_AFX_HEALTH_SNAPSHOT"         807.9 KB   48362 rows
. . imported "AVUSER"."T_AV_CRDETAIL_DEPENDENCY"         679.8 KB   12235 rows
. . imported "AVUSER"."T_AV_HEALTH_SNAPSHOT"             807.9 KB   48362 rows
. . imported "AVUSER"."T_AV_REVIEW_COMPONENT_CACHE"      1.665 MB    2544 rows
. . imported "AVUSER"."T_AV_RULE_EXECUTION_DATA"         843.4 KB   22812 rows
. . imported "AVUSER"."T_CE_EXPLICIT_RELATIONS"          947.3 KB   12059 rows
. . imported "AVUSER"."T_DATA_RUNS"                      912.0 KB   16416 rows
. . imported "AVUSER"."T_DATA_RUN_DETAILS"               905.6 KB   42826 rows
. . imported "AVUSER"."T_DC_SOURCEDATA_APPROLE_MEM"      1.037 MB   18522 rows
. . imported "AVUSER"."T_ENTITLEMENTS"                   974.5 KB    7242 rows
. . imported "AVUSER"."T_GROUP_MEMBERSHIPS"              1.055 MB    9960 rows
. . imported "AVUSER"."WP_ACTI_PART_DEF"                 946.6 KB   12106 rows
. . imported "AVUSER"."T_AV_ENTREVIEWDEFVERSIONS"        157.9 KB      23 rows
. . imported "AVUSER"."T_AV_ROLEVERSIONS"                55.14 KB      42 rows
. . imported "AVUSER"."T_AV_ENTITLEMENTREVIEWDEF"        51.79 KB       5 rows
. . imported "AVUSER"."T_AV_CRSUBMISSION_FLDCDN"         94.39 KB    1092 rows
. . imported "AVUSER"."T_WORKFLOW_RULES_VERSIONS"        150.0 KB      51 rows
. . imported "AVUSER"."T_WORKFLOW_RULES"                 110.1 KB      38 rows
. . imported "AVUSER"."WP_FORM"                          153.7 KB      17 rows
. . imported "AVUSER"."T_AV_FILES"                       126.1 KB      40 rows
. . imported "AVUSER"."T_AV_CRSUBMISSION_FORM"           33.36 KB      77 rows
. . imported "AVUSER"."T_AV_RULE_VERSIONS"               447.8 KB     205 rows
. . imported "AVUSER"."T_AV_MODEL_EXPLODEDUSERENTS"      747.5 KB    9408 rows
. . imported "AVUSER"."WP_PROCI_SPLIT_CONTROL"           806.3 KB   13650 rows
. . imported "AVUSER"."T_AV_RULES"                       112.1 KB      41 rows
. . imported "AVUSER"."T_AV_USER_ACCOUNT_MAPPINGS"       224.7 KB    2606 rows
. . imported "AVUSER"."WP_PROC_NODE"                     612.7 KB    1652 rows
. . imported "AVUSER"."T_DC_SOURCEDATA_ENTITLEMENT"      672.7 KB    8099 rows
. . imported "AVUSER"."T_RESOURCES"                      625.0 KB    6944 rows
. . imported "AVUSER"."WP_PROCI_CONTROL"                 270.8 KB   10448 rows
. . imported "AVUSER"."T_AGENT_TRANSACTIONS"             551.6 KB    2574 rows
. . imported "AVUSER"."T_AV_WFESCALATIONS"               495.2 KB   13618 rows
. . imported "AVUSER"."T_DC_SOURCEDATA_RESOURCE"         524.3 KB    7215 rows
. . imported "AVUSER"."WP_PROCI_ERR"                     331.7 KB    1354 rows
. . imported "AVUSER"."T_AV_ROLEMEMBERSHIPS"             420.7 KB    5373 rows
. . imported "AVUSER"."T_AV_WFWORKITEM_PART"             413.3 KB   11225 rows
. . imported "AVUSER"."T_MASTER_USER_MAPPING"            428.0 KB   11168 rows
. . imported "AVUSER"."T_USER_MAPPING"                   414.0 KB   11163 rows
. . imported "AVUSER"."T_AV_CODE_LABEL"                  346.7 KB    6024 rows
. . imported "AVUSER"."T_AV_REVIEWS"                     119.1 KB      46 rows
. . imported "AVUSER"."T_AV_REVIEW_COMPONENTS"           285.4 KB    2544 rows
. . imported "AVUSER"."WP_ACTI_MILESTONE"                390.8 KB    3146 rows
. . imported "AVUSER"."T_AV_ACCESS_REQUEST_VIEWS"        11.65 KB       5 rows
. . imported "AVUSER"."T_UNIFI_REMERGE_MEU_RECORDS"      5.093 KB       0 rows
. . imported "AVUSER"."T_AV_ADC_VERSIONS"                147.5 KB     370 rows
. . imported "AVUSER"."T_AV_AFX_CONN_TYPE_CMD_PARAM"     298.3 KB    3595 rows
. . imported "AVUSER"."T_AV_USER_ACCOUNT_HISTORY"        250.4 KB    4646 rows
. . imported "AVUSER"."T_AV_USER_CHANGES_LOG"            239.2 KB    7605 rows
. . imported "AVUSER"."WP_SCRIPT_LINE"                   89.97 KB     104 rows
. . imported "AVUSER"."T_APPLICATIONS_VERSIONS"          227.5 KB    2318 rows
. . imported "AVUSER"."T_ATTR_SYNC_TRANSFORMS"           10.91 KB      13 rows
. . imported "AVUSER"."T_AVEKSA_USER_ENTITLEMENTS"       27.39 KB      19 rows
. . imported "AVUSER"."T_AV_BUSINESS_DESCRIPTION"        211.3 KB    2223 rows
. . imported "AVUSER"."T_AV_CRSUBMISSION_FIELDS"         228.0 KB     994 rows
. . imported "AVUSER"."T_AV_DADC_VERSIONS"               6.289 KB       0 rows
. . imported "AVUSER"."T_AV_DATA_ACCESS_COLLECTORS"      6.296 KB       0 rows
. . imported "AVUSER"."T_AV_REVIEW_VIEW_DEFINITION"      11.59 KB      10 rows
. . imported "AVUSER"."T_AV_ROLESET_POLICY"              11.25 KB       9 rows
. . imported "AVUSER"."T_AV_BUSINESS_DESC_VERSION"       199.1 KB    2242 rows
. . imported "AVUSER"."T_AV_CRBUTTON"                    38.10 KB      16 rows
. . imported "AVUSER"."T_AV_ROLEDEFINITIONS"             152.2 KB    2184 rows
. . imported "AVUSER"."T_AV_ROLE_METRICS"                171.5 KB    2194 rows
. . imported "AVUSER"."T_DASHBOARD_COMPONENT"            46.46 KB     102 rows
. . imported "AVUSER"."T_ENT_GRP_MEMBERSHIPS"            171.9 KB    3736 rows
. . imported "AVUSER"."WP_ACT_SCRIPT"                    168.8 KB    2322 rows
. . imported "AVUSER"."WP_PROC"                          81.29 KB     191 rows
. . imported "AVUSER"."WP_TRAN"                          172.7 KB    1604 rows
. . imported "AVUSER"."WP_WI_MILESTONE"                  205.9 KB    2071 rows
. . imported "AVUSER"."STG_REVIEW_COMPONENTS"            25.38 KB      16 rows
. . imported "AVUSER"."T_AUTH_CONFIGURATIONS"            21.10 KB      12 rows
. . imported "AVUSER"."T_AUTH_PROVIDER_TYPES"            19.27 KB       9 rows
. . imported "AVUSER"."T_AVEKSA_ENTITLEMENT_GROUPS"      13.30 KB      16 rows
. . imported "AVUSER"."T_AVEKSA_ENT_GROUP_MEMBERSHIPS"   42.88 KB      77 rows
. . imported "AVUSER"."T_AV_ACCOUNT_DATA_COLLECTORS"     35.28 KB      76 rows
. . imported "AVUSER"."T_AV_ADC_PROCESS_HISTORY"         12.13 KB     105 rows
. . imported "AVUSER"."T_AV_AFX_CONN_TYPE_COMMAND"       130.4 KB    1692 rows
. . imported "AVUSER"."T_AV_CHANGE_REQUEST_ACTIVITIES"   12.24 KB       0 rows
. . imported "AVUSER"."T_AV_CUSTOM_ATTRIBUTES"           13.84 KB      65 rows
. . imported "AVUSER"."T_AV_CUSTOM_ATTR_VALUES"          9.710 KB       0 rows
. . imported "AVUSER"."T_AV_DATABASE_UPDATE"             132.8 KB    1233 rows
. . imported "AVUSER"."T_AV_DATAPROCESSINGEVENTS"        129.0 KB    4534 rows
. . imported "AVUSER"."T_AV_MULTI_APP_EDCS"              6.695 KB       0 rows
. . imported "AVUSER"."T_AV_MULTI_APP_EDC_VERSIONS"      6.703 KB       0 rows
. . imported "AVUSER"."T_AV_NOTIFICATION_RULE"           9.554 KB       1 rows
. . imported "AVUSER"."T_AV_NOTIFICATION_RULE_VERSION"   8.671 KB       1 rows
. . imported "AVUSER"."T_AV_RDCVERSIONS"                 8.140 KB       1 rows
. . imported "AVUSER"."T_AV_REVIEW_ESCALATIONS"          9.179 KB       4 rows
. . imported "AVUSER"."T_AV_ROLE_MISSINGENTS"            115.1 KB    2931 rows
. . imported "AVUSER"."T_AV_USER_ATTR_CHANGES"           108.7 KB    2457 rows
. . imported "AVUSER"."T_COLLECTOR_EXCEPTION"            11.15 KB       0 rows
. . imported "AVUSER"."T_DASHBOARD_SYSTEM_COMPONENT"     22.47 KB      39 rows
. . imported "AVUSER"."T_EDC_VERSIONS"                   18.33 KB      37 rows
. . imported "AVUSER"."T_ENTITLEMENT_DATA_COLLECTORS"    13.28 KB      20 rows
. . imported "AVUSER"."T_EXPORT_ENTRIES"                 8.085 KB       0 rows
. . imported "AVUSER"."T_IDC_ASSOCIATIONS"               13.09 KB      22 rows
. . imported "AVUSER"."T_IDC_ASSOCIATIONS_VERSIONS"      12.55 KB      22 rows
. . imported "AVUSER"."T_IDC_GROUPS"                     8.960 KB       1 rows
. . imported "AVUSER"."T_IDC_GROUPS_VERSIONS"            45.42 KB     147 rows
. . imported "AVUSER"."T_METRICS"                        25.39 KB      31 rows
. . imported "AVUSER"."T_METRICS_VERSIONS"               24.75 KB      31 rows
. . imported "AVUSER"."WP_ACT"                           128.2 KB    1262 rows
. . imported "AVUSER"."WP_PROC_NODE_TEMPLATE"            47.27 KB      50 rows
. . imported "AVUSER"."WP_SCRIPT"                        23.82 KB     104 rows
. . imported "AVUSER"."WP_WI_ALERT"                      111.6 KB    1195 rows
. . imported "AVUSER"."T_ADMIN_EXCEPTIONS_DATA"          45.34 KB    1725 rows
. . imported "AVUSER"."T_AV_AFX_CONN_TYPE_PROP"          88.06 KB     587 rows
. . imported "AVUSER"."T_AV_AVEKSA_ENTL_CONST_FILTER"    51.75 KB     210 rows
. . imported "AVUSER"."T_AV_METADATA_INFO"               66.59 KB     824 rows
. . imported "AVUSER"."T_AV_REVIEW_COMPONENTSMAP"        57.46 KB    2555 rows
. . imported "AVUSER"."T_AV_REVIEW_COMP_CHANGES"         56.94 KB     903 rows
. . imported "AVUSER"."T_AV_REVIEW_COVERAGE"             45.61 KB    2432 rows
. . imported "AVUSER"."T_AV_SECURITY_CONTEXT"            53.85 KB     376 rows
. . imported "AVUSER"."T_CE_RUN_HISTORY"                 47.17 KB    2703 rows
. . imported "AVUSER"."T_EXTENSIBLE_SCHEMA_COLUMNS"      57.92 KB     576 rows
. . imported "AVUSER"."T_RAW_USER_DELETED"               74.70 KB     141 rows
. . imported "AVUSER"."T_SCHEDULED_TASKS"                68.39 KB      89 rows
. . imported "AVUSER"."WP_ACT_DATA"                      81.98 KB     860 rows
. . imported "AVUSER"."WP_PROC_CAT"                      54.48 KB     829 rows
. . imported "AVUSER"."WP_PROC_SCRIPT"                   48.32 KB     556 rows
. . imported "AVUSER"."WP_WORK_ITEM_PART"                27.39 KB     288 rows
. . imported "AVUSER"."INSIGHT_DUMMY"                    8.828 KB      26 rows
. . imported "AVUSER"."KESH"                             7.625 KB      11 rows
. . imported "AVUSER"."KESH1"                             7.25 KB       6 rows
. . imported "AVUSER"."SAMPLE_DBAPP1"                    7.546 KB       4 rows
. . imported "AVUSER"."STG_REVIEW_COVERAGE"              6.921 KB      32 rows
. . imported "AVUSER"."TLOGLEVEL"                        7.632 KB       7 rows
. . imported "AVUSER"."TUHI"                             8.820 KB      26 rows
. . imported "AVUSER"."T_AGENTS"                         14.14 KB       4 rows
. . imported "AVUSER"."T_AGENTS_VERSIONS"                13.17 KB       8 rows
. . imported "AVUSER"."T_APPLICATIONS"                   45.28 KB      67 rows
. . imported "AVUSER"."T_ATTR_SYNC_TRANSFORM_PARAM"      6.609 KB       8 rows
. . imported "AVUSER"."T_AVEKSA_ENTITLEMENTS"            12.32 KB     102 rows
. . imported "AVUSER"."T_AV_ACCOUNT_TEMPLATE"                7 KB       4 rows
. . imported "AVUSER"."T_AV_ACCOUNT_TEMPLATE_APP_MAP"    5.593 KB       4 rows
. . imported "AVUSER"."T_AV_ACCOUNT_TEMPLATE_PARAM"      7.515 KB       5 rows
. . imported "AVUSER"."T_AV_AFX_CONNECTOR"               14.56 KB      43 rows
. . imported "AVUSER"."T_AV_AFX_CONNECTOR_TYPE"          37.76 KB      87 rows
. . imported "AVUSER"."T_AV_AFX_CONN_APP_MAP"            5.789 KB      30 rows
. . imported "AVUSER"."T_AV_AFX_CONN_PROP"               13.78 KB     199 rows
. . imported "AVUSER"."T_AV_AFX_CONN_TYPE_FILE_MAP"      5.976 KB      46 rows
. . imported "AVUSER"."T_AV_AFX_CONN_TYPE_PROP_DEFS"     12.35 KB      87 rows
. . imported "AVUSER"."T_AV_AFX_CONN_TYPE_PROP_OPTS"     12.76 KB      95 rows
. . imported "AVUSER"."T_AV_AFX_CONN_TYPE_STATIC_PROP"   18.03 KB     125 rows
. . imported "AVUSER"."T_AV_AFX_SERVER_AGENT"            11.76 KB       1 rows
. . imported "AVUSER"."T_AV_AFX_TRANSPORT_FILE_MAP"      7.671 KB     211 rows
. . imported "AVUSER"."T_AV_AFX_VENDOR"                  6.453 KB       2 rows
. . imported "AVUSER"."T_AV_ALT_MANAGER_DATA"            9.554 KB      46 rows
. . imported "AVUSER"."T_AV_ALT_MANAGER_MAPPING"         5.921 KB       0 rows
. . imported "AVUSER"."T_AV_APPLICATION_WIZARD"          6.992 KB      21 rows
. . imported "AVUSER"."T_AV_AUDIT_LOG_EVENT_SETTINGS"    7.390 KB      92 rows
. . imported "AVUSER"."T_AV_BACKUP_PROPERTIES"           7.421 KB      21 rows
. . imported "AVUSER"."T_AV_BASE_REVIEW_COVERAGE"        38.06 KB    2432 rows
. . imported "AVUSER"."T_AV_CHALLENGE_QUESTION"          7.539 KB      20 rows
. . imported "AVUSER"."T_AV_CHALLENGE_RESPONSE"          10.21 KB      51 rows
. . imported "AVUSER"."T_AV_CRSUBMISSION_ASSOC"          6.351 KB      32 rows
. . imported "AVUSER"."T_AV_CR_WORKFLOWS"                9.531 KB     114 rows
. . imported "AVUSER"."ATTRIBUTE_VALUES"                 6.632 KB       0 rows
. . imported "AVUSER"."T_AV_ENCRYPTION_KEY"              9.085 KB       4 rows
. . imported "AVUSER"."T_AV_ENCRYPTION_MIGRATOR"         11.89 KB       7 rows
. . imported "AVUSER"."T_AV_ERPROCESSINGHISTORY"         6.015 KB      46 rows
. . imported "AVUSER"."T_AV_EXT_PWD_RESET_ATTS"          6.062 KB       4 rows
. . imported "AVUSER"."T_AV_EXT_PWD_RESET_INFO"          7.523 KB       5 rows
. . imported "AVUSER"."T_AV_JOB_CONTROL"                 9.312 KB       4 rows
. . imported "AVUSER"."T_AV_PASSWORD_POLICY"             7.367 KB       2 rows
. . imported "AVUSER"."T_AV_PASSWORD_POLICY_RESOURCE"    5.960 KB       1 rows
. . imported "AVUSER"."T_AV_PASSWORD_VAL_RULE"           10.20 KB      32 rows
. . imported "AVUSER"."T_AV_PROV_ENTS"                   9.578 KB       9 rows
. . imported "AVUSER"."T_AV_PROV_ENT_BUCKETS"            6.578 KB       9 rows
. . imported "AVUSER"."T_AV_PW_VAULT_TYPE"               6.546 KB       1 rows
. . imported "AVUSER"."T_AV_RDCPROCESSHISTORY"             8.5 KB       1 rows
. . imported "AVUSER"."T_AV_RED_CRID_MAP"                19.12 KB    1160 rows
. . imported "AVUSER"."T_AV_REPORT_EMAIL_IDS"            6.015 KB       4 rows
. . imported "AVUSER"."T_AV_REPORT_PARAMETERS"           9.078 KB      18 rows
. . imported "AVUSER"."T_AV_REPORT_REQUIRED_FIELDS"      8.312 KB      14 rows
. . imported "AVUSER"."T_AV_REVIEW_DATA_CACHE_DETAILS"   6.656 KB      37 rows
. . imported "AVUSER"."T_AV_REVIEW_HISTORY"               12.5 KB      57 rows
. . imported "AVUSER"."T_AV_REVIEW_MONITORCOUNTS"        7.710 KB       0 rows
. . imported "AVUSER"."T_AV_REVIEW_ROLE_MAPPING"         14.93 KB     145 rows
. . imported "AVUSER"."T_AV_REVIEW_VIEW_DEF_ASSOC"       7.835 KB      68 rows
. . imported "AVUSER"."T_AV_REV_COMPONENT_COVERAGE"      8.984 KB       0 rows
. . imported "AVUSER"."T_AV_REV_COMP_CR_HISTORY"         12.04 KB      81 rows
. . imported "AVUSER"."T_AV_ROLEVERDEFINITIONS"          10.60 KB      19 rows
. . imported "AVUSER"."T_AV_ROLEVERMEMBERSHIPS"          8.101 KB       0 rows
. . imported "AVUSER"."T_AV_ROLE_OUTOFCONSTRAINT"        9.460 KB     141 rows
. . imported "AVUSER"."T_AV_ROLE_TYPES"                  11.21 KB       3 rows
. . imported "AVUSER"."T_AV_RULE_EXECUTIONS"             24.29 KB     769 rows
. . imported "AVUSER"."T_AV_RULE_STATUS"                 5.554 KB       3 rows
. . imported "AVUSER"."T_AV_RULE_TEST_METRICS"           9.140 KB      25 rows
. . imported "AVUSER"."T_AV_RULE_TEST_VIOLS"             147.0 KB      96 rows
. . imported "AVUSER"."T_AV_RULE_TYPES"                  5.539 KB       1 rows
. . imported "AVUSER"."T_AV_SECURITY_CONTEXT_ROLES"      10.45 KB      97 rows
. . imported "AVUSER"."T_AV_SECURITY_CONTEXT_R_USERS"    5.593 KB       3 rows
. . imported "AVUSER"."T_AV_SECURITY_CONTEXT_USERS"      6.367 KB      10 rows
. . imported "AVUSER"."T_AV_SECURITY_VALUES"             6.671 KB      12 rows
. . imported "AVUSER"."T_AV_SELF_REVIEW_COVERAGE"        6.921 KB     145 rows
. . imported "AVUSER"."T_AV_TASK_LIST"                   10.98 KB      44 rows
. . imported "AVUSER"."T_AV_TEMP_PASSWORD"               22.85 KB     169 rows
. . imported "AVUSER"."T_AV_TEMP_PASSWORD_HIST"          22.76 KB     261 rows
. . imported "AVUSER"."T_AV_UD_VAR_REMOVE"               8.398 KB      84 rows
. . imported "AVUSER"."T_AV_UPGRADE_VARIABLES"           8.289 KB      64 rows
. . imported "AVUSER"."T_AV_USERID_AVEKSA_ENT_MAPPING"   5.960 KB       1 rows
. . imported "AVUSER"."T_AV_WF_EVENT_DATA"               12.93 KB      33 rows
. . imported "AVUSER"."T_AV_WF_EVENT_TYPES"              11.03 KB      33 rows
. . imported "AVUSER"."T_CHANGE_DATA"                    8.015 KB       0 rows
. . imported "AVUSER"."T_CHANGE_LOG_XUE"                 7.820 KB      34 rows
. . imported "AVUSER"."T_COLLECTOR_ADMIN_EXCEPTION"       7.25 KB      37 rows
. . imported "AVUSER"."T_COLLECTOR_TYPE_REGISTRY"        10.75 KB      78 rows
. . imported "AVUSER"."T_DASHBOARD"                      15.45 KB      32 rows
. . imported "AVUSER"."T_DASHBOARD_COMPONENT_TYPE"       5.656 KB       4 rows
. . imported "AVUSER"."T_DASHBOARD_COMP_DISPLAY_TYPE"    5.703 KB       3 rows
. . imported "AVUSER"."T_DASHBOARD_LAYOUT"               14.22 KB      37 rows
. . imported "AVUSER"."T_DASHBOARD_SYSTEM_COMP_TYPE"     5.640 KB       4 rows
. . imported "AVUSER"."T_DASHBOARD_TYPE"                 6.367 KB      22 rows
. . imported "AVUSER"."T_DATA_ENUMARATIONS"              6.179 KB       7 rows
. . imported "AVUSER"."T_DATA_RUN_PARAMS"                9.710 KB      99 rows
. . imported "AVUSER"."T_DC_SOURCEDATA_APPROLE"          48.43 KB     205 rows
. . imported "AVUSER"."T_DC_SOURCEDATA_USER_ENT_MD"      16.53 KB       0 rows
. . imported "AVUSER"."T_EDC_PROCESS_HISTORY"            15.75 KB     124 rows
. . imported "AVUSER"."T_ENTITLEMENT_GROUPS"             53.66 KB     127 rows
. . imported "AVUSER"."T_ERROR_LOOKUP"                   24.16 KB     218 rows
. . imported "AVUSER"."T_FLOWRULES_EVENTS_ASSOCIATION"   10.54 KB      43 rows
. . imported "AVUSER"."T_GT_ADDRESS"                     12.91 KB      73 rows
. . imported "AVUSER"."T_GT_CONTAINER"                   12.18 KB      71 rows
. . imported "AVUSER"."T_GT_RANK"                        11.74 KB     115 rows
. . imported "AVUSER"."T_IDC_ASSOC_PROCESS_HISTORY"      13.50 KB     510 rows
. . imported "AVUSER"."T_IDC_GROUPS_PROCESS_HISTORY"     10.78 KB      72 rows
. . imported "AVUSER"."T_IDC_VERSIONS"                   14.89 KB     437 rows
. . imported "AVUSER"."T_IDENTITY_DATA_COLLECTORS"       7.726 KB      21 rows
. . imported "AVUSER"."T_MASTER_OBJECT_STATUS"           8.187 KB      67 rows
. . imported "AVUSER"."T_MASTER_USER_STATUS"             6.468 KB      60 rows
. . imported "AVUSER"."T_NOTFN_ASSIGNEES"                7.765 KB     179 rows
. . imported "AVUSER"."T_NOTIFICATIONS"                  12.96 KB     179 rows
. . imported "AVUSER"."T_NOTIFICATION_EVENTS"            15.43 KB     358 rows
. . imported "AVUSER"."T_POLICIES_EXECUTION_HISTORY"     11.36 KB     128 rows
. . imported "AVUSER"."T_SCHEDULED_TASK_PROPERTIES"      8.320 KB      80 rows
. . imported "AVUSER"."T_SCHEDULERS"                     5.539 KB       2 rows
. . imported "AVUSER"."T_SERVER_NODES"                   7.843 KB       2 rows
. . imported "AVUSER"."T_SUGGEST_RESULTS"                11.15 KB       0 rows
. . imported "AVUSER"."T_SYSTEM_SETTINGS"                17.95 KB     286 rows
. . imported "AVUSER"."T_UNIFI_LAST_IDC_RUN_MERGED"      5.625 KB      11 rows
. . imported "AVUSER"."T_WORKFLOW_DATA"                  14.06 KB     179 rows
. . imported "AVUSER"."T_WORKFLOW_DATA_ASSOCIATION"      7.484 KB     179 rows
. . imported "AVUSER"."T_WORKFLOW_DATA_HISTORY"          11.71 KB     179 rows
. . imported "AVUSER"."WP_ACTI_ALERT"                    9.406 KB       0 rows
. . imported "AVUSER"."WP_ACT_ALERT"                     8.703 KB       3 rows
. . imported "AVUSER"."WP_ACT_MILESTONE"                 23.44 KB     104 rows
. . imported "AVUSER"."WP_ACT_PART_DEF"                  17.78 KB     113 rows
. . imported "AVUSER"."WP_ALERT"                         17.04 KB       4 rows
. . imported "AVUSER"."WP_ALERT_ACT"                     13.17 KB       3 rows
. . imported "AVUSER"."WP_ALERT_ACT_STATE"               6.968 KB       3 rows
. . imported "AVUSER"."WP_ALERT_CAT"                     8.585 KB       1 rows
. . imported "AVUSER"."WP_ALERT_MONITOR"                 18.74 KB      18 rows
. . imported "AVUSER"."WP_ALERT_STATE"                   6.960 KB       3 rows
. . imported "AVUSER"."WP_ASSIGN_TYPE"                   7.484 KB       9 rows
. . imported "AVUSER"."WP_BULK_DATA_TYPE"                8.492 KB      23 rows
. . imported "AVUSER"."WP_BUS_CAL"                       8.218 KB       2 rows
. . imported "AVUSER"."WP_BUS_HOURS"                     9.671 KB      12 rows
. . imported "AVUSER"."WP_CAT"                           11.74 KB      41 rows
. . imported "AVUSER"."WP_CC_CAT"                        10.41 KB      34 rows
. . imported "AVUSER"."WP_COMPLETION_CODE"               9.140 KB      19 rows
. . imported "AVUSER"."WP_DATABASE"                      6.882 KB       1 rows
. . imported "AVUSER"."WP_FIFO_GEN"                      5.703 KB       5 rows
. . imported "AVUSER"."WP_ID_GEN"                        8.515 KB      37 rows
. . imported "AVUSER"."WP_INI"                           11.61 KB      48 rows
. . imported "AVUSER"."WP_MAIL_RECIP_TYPE"               6.937 KB       3 rows
. . imported "AVUSER"."WP_MAIL_SUBSCRIBER_TYPE"          7.429 KB       8 rows
. . imported "AVUSER"."WP_MILESTONE"                     8.539 KB      15 rows
. . imported "AVUSER"."WP_MONITOR"                       7.273 KB       8 rows
. . imported "AVUSER"."WP_MONITOR_TYPE"                  5.171 KB       5 rows
. . imported "AVUSER"."WP_NODE_STATE"                    7.296 KB       9 rows
. . imported "AVUSER"."WP_NODE_STATE_MAP"                9.593 KB      56 rows
. . imported "AVUSER"."WP_NODE_TYPE"                     7.296 KB       9 rows
. . imported "AVUSER"."WP_OBJECT_TYPE"                      11 KB      69 rows
. . imported "AVUSER"."WP_PRIOR"                         8.585 KB       9 rows
. . imported "AVUSER"."WP_PROCI_DELETE"                  6.015 KB       3 rows
. . imported "AVUSER"."WP_PROC_DATA"                     19.56 KB     174 rows
. . imported "AVUSER"."WP_PROC_NODE_TEMPLATE_CAT"        16.17 KB     134 rows
. . imported "AVUSER"."WP_PROC_STATE"                    7.164 KB       7 rows
. . imported "AVUSER"."WP_PROC_STATE_MAP"                9.562 KB      42 rows
. . imported "AVUSER"."WP_RESOURCE"                      13.20 KB      20 rows
. . imported "AVUSER"."WP_RESRC_CATEGORY"                6.890 KB      10 rows
. . imported "AVUSER"."WP_SCRIPT_CAT"                    13.35 KB      86 rows
. . imported "AVUSER"."WP_SCRIPT_CLASS"                  7.671 KB      16 rows
. . imported "AVUSER"."WP_SCRIPT_TYPE"                   8.812 KB      22 rows
. . imported "AVUSER"."WP_TRAN_STATE"                    7.132 KB       6 rows
. . imported "AVUSER"."WP_TRAN_STATE_MAP"                8.101 KB      20 rows
. . imported "AVUSER"."WP_TRAN_TYPE"                     7.046 KB       4 rows
. . imported "AVUSER"."WP_USER_DATA_TYPE"                7.609 KB      10 rows
. . imported "AVUSER"."WP_WORK_STATE"                    7.304 KB       9 rows
. . imported "AVUSER"."WP_WORK_STATE_MAP"                10.83 KB      72 rows
. . imported "AVUSER"."DUPLICATE_ACCOUNTS"                   0 KB       0 rows
. . imported "AVUSER"."DUPLICATE_APPROLES"                   0 KB       0 rows
. . imported "AVUSER"."DUPLICATE_ENTITLEMENTS"               0 KB       0 rows
. . imported "AVUSER"."DUPLICATE_GLOBALROLES"                0 KB       0 rows
. . imported "AVUSER"."DUPLICATE_GROUPS"                     0 KB       0 rows
. . imported "AVUSER"."DUPLICATE_RESOURCES"                  0 KB       0 rows
. . imported "AVUSER"."MIG_ENTERPRISE_USERS"                 0 KB       0 rows
. . imported "AVUSER"."MIG_USER_MAPPING"                     0 KB       0 rows
. . imported "AVUSER"."SAMPLE_GT_INFORMATICA"                0 KB       0 rows
. . imported "AVUSER"."TEMP_PURGE_RUN_ID"                    0 KB       0 rows
. . imported "AVUSER"."TLOG"                                 0 KB       0 rows
. . imported "AVUSER"."T_AGENT_DOWNLOAD_TRANSACTIONS"        0 KB       0 rows
. . imported "AVUSER"."T_AGENT_REQUESTS"                     0 KB       0 rows
. . imported "AVUSER"."T_AGENT_REQUEST_HISTORY"              0 KB       0 rows
. . imported "AVUSER"."T_ARCHIVE"                            0 KB       0 rows
. . imported "AVUSER"."T_ARCHIVE_PURGE_TABLE_STATUS"         0 KB       0 rows
. . imported "AVUSER"."T_ARCHIVE_TABLE_DEPENDENCY"           0 KB       0 rows
. . imported "AVUSER"."T_ATTR_SYNC_MAP"                      0 KB       0 rows
. . imported "AVUSER"."T_AV_ACCESS_REQUEST_VIEW_USERS"       0 KB       0 rows
. . imported "AVUSER"."T_AV_ACTIVITY_HANDLERS"               0 KB       0 rows
. . imported "AVUSER"."T_AV_ACTUAL_ROLEDEFINITIONS"          0 KB       0 rows
. . imported "AVUSER"."T_AV_ACT_HANDLER_VERSIONS"            0 KB       0 rows
. . imported "AVUSER"."T_AV_ADMIN_ACCOUNT_USERS"             0 KB       0 rows
. . imported "AVUSER"."T_AV_AFX_CONN_ERROR"                  0 KB       0 rows
. . imported "AVUSER"."T_AV_AFX_CONN_IMPORT_STATUS"          0 KB       0 rows
. . imported "AVUSER"."T_AV_APP_AUTH_ACCESS_ENT"             0 KB       0 rows
. . imported "AVUSER"."T_AV_APP_AUTH_APP_CONFIG"             0 KB       0 rows
. . imported "AVUSER"."T_AV_ATTRIBUTE_SYNCDATA"              0 KB       0 rows
. . imported "AVUSER"."T_AV_AVEKSA_ENTITLED_ENTITIES"        0 KB       0 rows
. . imported "AVUSER"."T_AV_AVEK_ENTLROLE_VAR_VAL"           0 KB       0 rows
. . imported "AVUSER"."T_AV_BUSINESS_UNITS"                  0 KB       0 rows
. . imported "AVUSER"."T_AV_BUSINESS_UNITS_VERSIONS"         0 KB       0 rows
. . imported "AVUSER"."T_AV_CHANGEREQUESTITEM_CAT"           0 KB       0 rows
. . imported "AVUSER"."T_AV_DATA_ACCESS_EDC_DATA"            0 KB       0 rows
. . imported "AVUSER"."T_AV_DELEGATED_REV_COMPONENTS"        0 KB       0 rows
. . imported "AVUSER"."T_AV_DIRECT_UENTS_WITH_VIOLS"         0 KB       0 rows
. . imported "AVUSER"."T_AV_DUWV_RULE_MAP"                   0 KB       0 rows
. . imported "AVUSER"."T_AV_DUWV_WFJOB_MAP"                  0 KB       0 rows
. . imported "AVUSER"."T_AV_ENCRYPTION_MIGRATION_STAT"       0 KB       0 rows
. . imported "AVUSER"."T_AV_EXEMPTIONS"                      0 KB       0 rows
. . imported "AVUSER"."T_AV_EXPLODEDUSERENTITLEME_ARC"       0 KB       0 rows
. . imported "AVUSER"."T_AV_EXPLODEDUSERENTS_HIST"           0 KB       0 rows
. . imported "AVUSER"."T_AV_GROUP_OWNER_REFS_BAD"            0 KB       0 rows
. . imported "AVUSER"."T_AV_JOB_PARAMS"                      0 KB       0 rows
. . imported "AVUSER"."T_AV_JUSTIFICATIONS"                  0 KB       0 rows
. . imported "AVUSER"."T_AV_JUSTIFICATIONS_MAPPING"          0 KB       0 rows
. . imported "AVUSER"."T_AV_JUSTIFICATION_SETS"              0 KB       0 rows
. . imported "AVUSER"."T_AV_MDC_VERSIONS"                    0 KB       0 rows
. . imported "AVUSER"."T_AV_METADATA_COLLECTORS"             0 KB       0 rows
. . imported "AVUSER"."T_AV_MIGRATION_HISTRUNS"              0 KB       0 rows
. . imported "AVUSER"."T_AV_MIGRATION_STATUS_LOG"            0 KB       0 rows
. . imported "AVUSER"."T_AV_MIGRATION_VERF_COUNTS"           0 KB       0 rows
. . imported "AVUSER"."T_AV_MULTI_APP_EDC_DATA"              0 KB       0 rows
. . imported "AVUSER"."T_AV_NAMING_POLICY"                   0 KB       0 rows
. . imported "AVUSER"."T_AV_NAMING_POLICY_RESOURCE"          0 KB       0 rows
. . imported "AVUSER"."T_AV_OBJECTVIEWS"                     0 KB       0 rows
. . imported "AVUSER"."T_AV_OBJECT_CERTIFICATION"            0 KB       0 rows
. . imported "AVUSER"."T_AV_OBJECT_CERT_HISTORY"             0 KB       0 rows
. . imported "AVUSER"."T_AV_PARENT_DADC_EDC_DATA"            0 KB       0 rows
. . imported "AVUSER"."T_AV_PARENT_DADC_RESOURCES"           0 KB       0 rows
. . imported "AVUSER"."T_AV_POLICY_RDC_MAPPING"              0 KB       0 rows
. . imported "AVUSER"."T_AV_PWD_SYNC_GROUPS"                 0 KB       0 rows
. . imported "AVUSER"."T_AV_PWD_SYNC_GROUPS_DETAILS"         0 KB       0 rows
. . imported "AVUSER"."T_AV_PW_VAULT"                        0 KB       0 rows
. . imported "AVUSER"."T_AV_PW_VAULT_PROFILE"                0 KB       0 rows
. . imported "AVUSER"."T_AV_REMEDIATION_COVERAGE"            0 KB       0 rows
. . imported "AVUSER"."T_AV_REVIEW_ACCOUNT_CACHE"            0 KB       0 rows
. . imported "AVUSER"."T_AV_REV_COMMITTED_HISTORY"           0 KB       0 rows
. . imported "AVUSER"."T_AV_ROLEDATACOLLECTORS"              0 KB       0 rows
. . imported "AVUSER"."T_AV_ROLESET_SECURITY"                0 KB       0 rows
. . imported "AVUSER"."T_AV_ROLEVER_FOR_WATCH"               0 KB       0 rows
. . imported "AVUSER"."T_AV_ROLEVER_VIOLATIONS"              0 KB       0 rows
. . imported "AVUSER"."T_AV_ROLE_APP_DECLARATIONS"           0 KB       0 rows
. . imported "AVUSER"."T_AV_RULE_EXCEPTION_DATA"             0 KB       0 rows
. . imported "AVUSER"."T_AV_RULE_USER_MAP"                   0 KB       0 rows
. . imported "AVUSER"."T_AV_SOD_BUCKET1_ENTS"                0 KB       0 rows
. . imported "AVUSER"."T_AV_SOD_BUCKET1_ENT_SETS"            0 KB       0 rows
. . imported "AVUSER"."T_AV_SOD_BUCKET2_ENTS"                0 KB       0 rows
. . imported "AVUSER"."T_AV_SOD_BUCKET2_ENT_SETS"            0 KB       0 rows
. . imported "AVUSER"."T_AV_SOD_RULE_USR_COVERAGE"           0 KB       0 rows
. . imported "AVUSER"."T_AV_SOD_VIOLATIONS"                  0 KB       0 rows
. . imported "AVUSER"."T_AV_UA_RULE_COVERAGE"                0 KB       0 rows
. . imported "AVUSER"."T_AV_UA_RULE_DIS_ENTS"                0 KB       0 rows
. . imported "AVUSER"."T_AV_UA_RULE_DIS_ENT_SETS"            0 KB       0 rows
. . imported "AVUSER"."T_AV_UNAUTH_CHANGES"                  0 KB       0 rows
. . imported "AVUSER"."T_AV_UPLOADED_DATA"                   0 KB       0 rows
. . imported "AVUSER"."T_AV_USER_CHANGED"                    0 KB       0 rows
. . imported "AVUSER"."T_AV_USER_DATA_CLEANUP_ITEMS"         0 KB       0 rows
. . imported "AVUSER"."T_AV_USER_RULE_VIOLATIONS"            0 KB       0 rows
. . imported "AVUSER"."T_AV_USER_STATUS"                     0 KB       0 rows
. . imported "AVUSER"."T_AV_USER_SUPERVISOR_REFS_BAD"        0 KB       0 rows
. . imported "AVUSER"."T_AV_USER_TYPE_ATTR_REFS_BAD"         0 KB       0 rows
. . imported "AVUSER"."T_AV_VIOLATIONS"                      0 KB       0 rows
. . imported "AVUSER"."T_AV_WFRESEXCLUDE"                    0 KB       0 rows
. . imported "AVUSER"."T_AV_WFWORKITEM_CAT"                  0 KB       0 rows
. . imported "AVUSER"."T_AV_WORKITEM_POLICY"                 0 KB       0 rows
. . imported "AVUSER"."T_BAD_CAU_REFS"                       0 KB       0 rows
. . imported "AVUSER"."T_CE_PENDING_RELATIONS"               0 KB       0 rows
. . imported "AVUSER"."T_CLOSED_VIOLATIONS"                  0 KB       0 rows
. . imported "AVUSER"."T_CLUSTER_STATE"                      0 KB       0 rows
. . imported "AVUSER"."T_CURRENT_METRIC_VALUES"              0 KB       0 rows
. . imported "AVUSER"."T_CURRENT_VARIABLE_VALUES"            0 KB       0 rows
. . imported "AVUSER"."T_DADC_PROCESS_HISTORY"               0 KB       0 rows
. . imported "AVUSER"."T_DC_MAADC_DATA"                      0 KB       0 rows
. . imported "AVUSER"."T_DC_SOURCEDATA_ROLE"                 0 KB       0 rows
. . imported "AVUSER"."T_DC_SOURCEDATA_ROLE_DEF"             0 KB       0 rows
. . imported "AVUSER"."T_DC_SOURCEDATA_ROLE_MEM"             0 KB       0 rows
. . imported "AVUSER"."T_DC_SOURCEDATA_ROLE_MEM_MD"          0 KB       0 rows
. . imported "AVUSER"."T_DC_SOURCEDATA_SUGG_RES_OWN"         0 KB       0 rows
. . imported "AVUSER"."T_DOMAINS"                            0 KB       0 rows
. . imported "AVUSER"."T_DOMAINS_VERSIONS"                   0 KB       0 rows
. . imported "AVUSER"."T_DOMAIN_APPLICATION_MAPPING"         0 KB       0 rows
. . imported "AVUSER"."T_ENTERPRISE_USERS_ARC"               0 KB       0 rows
. . imported "AVUSER"."T_ENTITLEMENT_HIERARCHY"              0 KB       0 rows
. . imported "AVUSER"."T_EXCEPTION_STATUS_HISTORY"           0 KB       0 rows
. . imported "AVUSER"."T_GROUP_MEMBERSHIPS_BAD"              0 KB       0 rows
. . imported "AVUSER"."T_MAEDC_PROCESS_HISTORY"              0 KB       0 rows
. . imported "AVUSER"."T_MESSAGES"                           0 KB       0 rows
. . imported "AVUSER"."T_METRIC_VALUES"                      0 KB       0 rows
. . imported "AVUSER"."T_NOTFN_ASSIGNEE_HISTORY"             0 KB       0 rows
. . imported "AVUSER"."T_NOTIFICATION_HISTORY"               0 KB       0 rows
. . imported "AVUSER"."T_OAUTH2_RECORD"                      0 KB       0 rows
. . imported "AVUSER"."T_PATCHES"                            0 KB       0 rows
. . imported "AVUSER"."T_POLICIES_EMAILIDS"                  0 KB       0 rows
. . imported "AVUSER"."T_POLICY_APPLICATION_MAPPING"         0 KB       0 rows
. . imported "AVUSER"."T_POLICY_IDC_MAPPING"                 0 KB       0 rows
. . imported "AVUSER"."T_PRODUCT_ARCHIVE_TABLES"             0 KB       0 rows
. . imported "AVUSER"."T_PURGE_HISTORY"                      0 KB       0 rows
. . imported "AVUSER"."T_PURGE_HISTORY_DETAILS"              0 KB       0 rows
. . imported "AVUSER"."T_RAW_ACCOUNT"                        0 KB       0 rows
. . imported "AVUSER"."T_RAW_ACCOUNT_BAD"                    0 KB       0 rows
. . imported "AVUSER"."T_RAW_ACCOUNT_MAPPING"                0 KB       0 rows
. . imported "AVUSER"."T_RAW_ACCOUNT_MAPPING_BAD"            0 KB       0 rows
. . imported "AVUSER"."T_RAW_APPLICATION"                    0 KB       0 rows
. . imported "AVUSER"."T_RAW_APPLICATION_BAD"                0 KB       0 rows
. . imported "AVUSER"."T_RAW_APPROLE"                        0 KB       0 rows
. . imported "AVUSER"."T_RAW_APPROLE_BAD"                    0 KB       0 rows
. . imported "AVUSER"."T_RAW_APPROLE_MEMBERSHIP"             0 KB       0 rows
. . imported "AVUSER"."T_RAW_APPROLE_MEMBERSHIP_BAD"         0 KB       0 rows
. . imported "AVUSER"."T_RAW_ENTITLEMENT"                    0 KB       0 rows
. . imported "AVUSER"."T_RAW_ENTITLEMENT_BAD"                0 KB       0 rows
. . imported "AVUSER"."T_RAW_GROUP"                          0 KB       0 rows
. . imported "AVUSER"."T_RAW_GROUP_BAD"                      0 KB       0 rows
. . imported "AVUSER"."T_RAW_GROUP_MEMBERSHIP"               0 KB       0 rows
. . imported "AVUSER"."T_RAW_GROUP_MEMBERSHIP_BAD"           0 KB       0 rows
. . imported "AVUSER"."T_RAW_RESOURCE"                       0 KB       0 rows
. . imported "AVUSER"."T_RAW_RESOURCE_BAD"                   0 KB       0 rows
. . imported "AVUSER"."T_RAW_ROLE"                           0 KB       0 rows
. . imported "AVUSER"."T_RAW_ROLE_BAD"                       0 KB       0 rows
. . imported "AVUSER"."T_RAW_ROLE_DEFINITION"                0 KB       0 rows
. . imported "AVUSER"."T_RAW_ROLE_DEFINITION_BAD"            0 KB       0 rows
. . imported "AVUSER"."T_RAW_ROLE_MEMBERSHIP"                0 KB       0 rows
. . imported "AVUSER"."T_RAW_ROLE_MEMBERSHIP_BAD"            0 KB       0 rows
. . imported "AVUSER"."T_RAW_USER_BAD"                       0 KB       0 rows
. . imported "AVUSER"."T_RAW_USER_ENTITLEMENT"               0 KB       0 rows
. . imported "AVUSER"."T_RAW_USER_ENTITLEMENT_BAD"           0 KB       0 rows
. . imported "AVUSER"."T_RESOURCES_DETAILS"                  0 KB       0 rows
. . imported "AVUSER"."T_RESOURCES_LOCAL"                    0 KB       0 rows
. . imported "AVUSER"."T_RESOURCES_OWNER_SUGGESTIONS"        0 KB       0 rows
. . imported "AVUSER"."T_USER_ENT_CONSTRAINTS"               0 KB       0 rows
. . imported "AVUSER"."T_USER_ENT_NATIVE_DATA"               0 KB       0 rows
. . imported "AVUSER"."T_USER_MAPPING_ARC"                   0 KB       0 rows
. . imported "AVUSER"."T_VARIABLES"                          0 KB       0 rows
. . imported "AVUSER"."T_VARIABLE_VALUES"                    0 KB       0 rows
. . imported "AVUSER"."T_VIOLATIONS_CAUSED_BY"               0 KB       0 rows
. . imported "AVUSER"."USER_ACC_MAPPINGS_SNAP"               0 KB       0 rows
. . imported "AVUSER"."WP_ACTI_MAIL"                         0 KB       0 rows
. . imported "AVUSER"."WP_ACT_MAIL"                          0 KB       0 rows
. . imported "AVUSER"."WP_BUS_CAL_CAT"                       0 KB       0 rows
. . imported "AVUSER"."WP_DOCUMENT"                          0 KB       0 rows
. . imported "AVUSER"."WP_EVENT_SUBSCRIBER"                  0 KB       0 rows
. . imported "AVUSER"."WP_FORM_CAT"                          0 KB       0 rows
. . imported "AVUSER"."WP_GRP_TYPE"                          0 KB       0 rows
. . imported "AVUSER"."WP_GRP_TYPE_CAT"                      0 KB       0 rows
. . imported "AVUSER"."WP_HOL_CAL"                           0 KB       0 rows
. . imported "AVUSER"."WP_HOL_CAL_CAT"                       0 KB       0 rows
. . imported "AVUSER"."WP_HOL_DATE"                          0 KB       0 rows
. . imported "AVUSER"."WP_MAIL"                              0 KB       0 rows
. . imported "AVUSER"."WP_MAIL_CAT"                          0 KB       0 rows
. . imported "AVUSER"."WP_MAIL_MONITOR"                      0 KB       0 rows
. . imported "AVUSER"."WP_MAIL_RECIP"                        0 KB       0 rows
. . imported "AVUSER"."WP_MAIL_SUBSCRIBER"                   0 KB       0 rows
. . imported "AVUSER"."WP_METRICS_PROCI"                     0 KB       0 rows
. . imported "AVUSER"."WP_METRICS_PROCI_NODE"                0 KB       0 rows
. . imported "AVUSER"."WP_MILESTONE_ALERT_Q"                 0 KB       0 rows
. . imported "AVUSER"."WP_MILESTONE_CAT"                     0 KB       0 rows
. . imported "AVUSER"."WP_MILESTONE_NODE_Q"                  0 KB       0 rows
. . imported "AVUSER"."WP_PERSISTENT_SUBSCRIBERS"            0 KB       0 rows
. . imported "AVUSER"."WP_PRIOR_CAT"                         0 KB       0 rows
. . imported "AVUSER"."WP_PROCI_ALERT"                       0 KB       0 rows
. . imported "AVUSER"."WP_PROCI_ALERT_ACT"                   0 KB       0 rows
. . imported "AVUSER"."WP_PROCI_ALERT_HIST"                  0 KB       0 rows
. . imported "AVUSER"."WP_PROCI_HIST"                        0 KB       0 rows
. . imported "AVUSER"."WP_PROCI_MAIL"                        0 KB       0 rows
. . imported "AVUSER"."WP_PROCI_NODE_CC"                     0 KB       0 rows
. . imported "AVUSER"."WP_PROCI_NODE_HIST"                   0 KB       0 rows
. . imported "AVUSER"."WP_PROCI_PART"                        0 KB       0 rows
. . imported "AVUSER"."WP_PROCI_PART_DEF"                    0 KB       0 rows
. . imported "AVUSER"."WP_PROC_ALERT"                        0 KB       0 rows
. . imported "AVUSER"."WP_PROC_MAIL"                         0 KB       0 rows
. . imported "AVUSER"."WP_PROC_NODE_CC"                      0 KB       0 rows
. . imported "AVUSER"."WP_PROC_NODE_TEMPLATE_CC"             0 KB       0 rows
. . imported "AVUSER"."WP_PROC_PART_DEF"                     0 KB       0 rows
. . imported "AVUSER"."WP_PROC_TRAN_TEMPLATE"                0 KB       0 rows
. . imported "AVUSER"."WP_PROC_TRAN_TEMPLATE_CAT"            0 KB       0 rows
. . imported "AVUSER"."WP_SCHEMA"                            0 KB       0 rows
. . imported "AVUSER"."WP_SCHEMA_CAT"                        0 KB       0 rows
. . imported "AVUSER"."WP_SERVER"                            0 KB       0 rows
. . imported "AVUSER"."WP_SESS_ERROR"                        0 KB       0 rows
. . imported "AVUSER"."WP_SESS_TRACE"                        0 KB       0 rows
. . imported "AVUSER"."WP_TRANI_HIST"                        0 KB       0 rows
. . imported "AVUSER"."WP_WEB_SERVICE"                       0 KB       0 rows
. . imported "AVUSER"."WP_WEB_SERVICE_CAT"                   0 KB       0 rows
. . imported "AVUSER"."WP_WI_ALERT_ACT"                      0 KB       0 rows
. . imported "AVUSER"."WP_WI_ALERT_HIST"                     0 KB       0 rows
Processing object type SCHEMA_EXPORT/TABLE/GRANT/OWNER_GRANT/OBJECT_GRANT
Processing object type SCHEMA_EXPORT/TABLE/COMMENT
Processing object type SCHEMA_EXPORT/PACKAGE/PACKAGE_SPEC
Processing object type SCHEMA_EXPORT/PACKAGE/GRANT/OWNER_GRANT/OBJECT_GRANT
Processing object type SCHEMA_EXPORT/FUNCTION/FUNCTION
Processing object type SCHEMA_EXPORT/PROCEDURE/PROCEDURE
Processing object type SCHEMA_EXPORT/PACKAGE/COMPILE_PACKAGE/PACKAGE_SPEC/ALTER_PACKAGE_SPEC
Processing object type SCHEMA_EXPORT/FUNCTION/ALTER_FUNCTION
Processing object type SCHEMA_EXPORT/PROCEDURE/ALTER_PROCEDURE
Processing object type SCHEMA_EXPORT/VIEW/VIEW
Processing object type SCHEMA_EXPORT/VIEW/GRANT/OWNER_GRANT/OBJECT_GRANT
Processing object type SCHEMA_EXPORT/VIEW/COMMENT
Processing object type SCHEMA_EXPORT/PACKAGE/PACKAGE_BODY
Processing object type SCHEMA_EXPORT/TABLE/INDEX/INDEX
ORA-39083: Object type INDEX:"AVUSER"."IXN_EMAIL_LOG_COMPLETED_TIME" failed to create with error:
ORA-00054: resource busy and acquire with NOWAIT specified or timeout expired
Failing sql is:
CREATE INDEX "AVUSER"."IXN_EMAIL_LOG_COMPLETED_TIME" ON "AVUSER"."T_EMAIL_LOG" ("COMPLETED_TIME") PCTFREE 10 INITRANS 2 MAXTRANS 255  STORAGE(INITIAL 65536 NEXT 1048576 MINEXTENTS 1 MAXEXTENTS 2147483645 PCTINCREASE 0 FREELISTS 1 FREELIST GROUPS 1 BUFFER_POOL DEFAULT FLASH_CACHE DEFAULT CELL_FLASH_CACHE DEFAULT) TABLES
ORA-39083: Object type INDEX:"AVUSER"."IXN_EMAIL_LOG_INSERT_TIME" failed to create with error:
ORA-00054: resource busy and acquire with NOWAIT specified or timeout expired
Failing sql is:
CREATE INDEX "AVUSER"."IXN_EMAIL_LOG_INSERT_TIME" ON "AVUSER"."T_EMAIL_LOG" ("INSERT_TIME") PCTFREE 10 INITRANS 2 MAXTRANS 255  STORAGE(INITIAL 65536 NEXT 1048576 MINEXTENTS 1 MAXEXTENTS 2147483645 PCTINCREASE 0 FREELISTS 1 FREELIST GROUPS 1 BUFFER_POOL DEFAULT FLASH_CACHE DEFAULT CELL_FLASH_CACHE DEFAULT) TABLESPACE "IND
Processing object type SCHEMA_EXPORT/TABLE/INDEX/FUNCTIONAL_INDEX/INDEX
Processing object type SCHEMA_EXPORT/TABLE/CONSTRAINT/CONSTRAINT
Processing object type SCHEMA_EXPORT/TABLE/INDEX/STATISTICS/INDEX_STATISTICS
Processing object type SCHEMA_EXPORT/TABLE/INDEX/STATISTICS/FUNCTIONAL_INDEX/INDEX_STATISTICS
Processing object type SCHEMA_EXPORT/TABLE/CONSTRAINT/REF_CONSTRAINT
Processing object type SCHEMA_EXPORT/TABLE/TRIGGER
Processing object type SCHEMA_EXPORT/TABLE/STATISTICS/TABLE_STATISTICS
Processing object type SCHEMA_EXPORT/STATISTICS/MARKER
Job "AVUSER"."AVDB_IMPORT_AVUSER" completed with 2 error(s) at Wed Aug 28 10:54:08 2019 elapsed 0 00:22:42
